<?xml version="1.0" encoding="UTF-8"?>
<testsuite xmlns:xsi="http://www.w3.org/2001/XMLSchema-instance" xsi:noNamespaceSchemaLocation="https://maven.apache.org/surefire/maven-surefire-plugin/xsd/surefire-test-report-3.0.xsd" version="3.0" name="com.linktic.inventaryservice.service.InventoryServiceImplTest" time="0.2" tests="11" errors="0" skipped="0" failures="0">
  <properties>
    <property name="java.specification.version" value="21"/>
    <property name="sun.jnu.encoding" value="UTF-8"/>
    <property name="java.class.path" value="/home/avasquez/eclipse-workspace/store/inventary-service/target/test-classes:/home/avasquez/eclipse-workspace/store/inventary-service/target/classes:/home/avasquez/.m2/repository/org/springframework/boot/spring-boot-starter-web/3.3.4/spring-boot-starter-web-3.3.4.jar:/home/avasquez/.m2/repository/org/springframework/boot/spring-boot-starter/3.3.4/spring-boot-starter-3.3.4.jar:/home/avasquez/.m2/repository/org/springframework/boot/spring-boot/3.3.4/spring-boot-3.3.4.jar:/home/avasquez/.m2/repository/org/springframework/boot/spring-boot-autoconfigure/3.3.4/spring-boot-autoconfigure-3.3.4.jar:/home/avasquez/.m2/repository/org/springframework/boot/spring-boot-starter-logging/3.3.4/spring-boot-starter-logging-3.3.4.jar:/home/avasquez/.m2/repository/ch/qos/logback/logback-classic/1.5.8/logback-classic-1.5.8.jar:/home/avasquez/.m2/repository/ch/qos/logback/logback-core/1.5.8/logback-core-1.5.8.jar:/home/avasquez/.m2/repository/org/apache/logging/log4j/log4j-to-slf4j/2.23.1/log4j-to-slf4j-2.23.1.jar:/home/avasquez/.m2/repository/org/apache/logging/log4j/log4j-api/2.23.1/log4j-api-2.23.1.jar:/home/avasquez/.m2/repository/org/slf4j/jul-to-slf4j/2.0.16/jul-to-slf4j-2.0.16.jar:/home/avasquez/.m2/repository/jakarta/annotation/jakarta.annotation-api/2.1.1/jakarta.annotation-api-2.1.1.jar:/home/avasquez/.m2/repository/org/yaml/snakeyaml/2.2/snakeyaml-2.2.jar:/home/avasquez/.m2/repository/org/springframework/boot/spring-boot-starter-json/3.3.4/spring-boot-starter-json-3.3.4.jar:/home/avasquez/.m2/repository/com/fasterxml/jackson/core/jackson-databind/2.17.2/jackson-databind-2.17.2.jar:/home/avasquez/.m2/repository/com/fasterxml/jackson/core/jackson-core/2.17.2/jackson-core-2.17.2.jar:/home/avasquez/.m2/repository/com/fasterxml/jackson/datatype/jackson-datatype-jdk8/2.17.2/jackson-datatype-jdk8-2.17.2.jar:/home/avasquez/.m2/repository/com/fasterxml/jackson/datatype/jackson-datatype-jsr310/2.17.2/jackson-datatype-jsr310-2.17.2.jar:/home/avasquez/.m2/repository/com/fasterxml/jackson/module/jackson-module-parameter-names/2.17.2/jackson-module-parameter-names-2.17.2.jar:/home/avasquez/.m2/repository/org/springframework/boot/spring-boot-starter-tomcat/3.3.4/spring-boot-starter-tomcat-3.3.4.jar:/home/avasquez/.m2/repository/org/apache/tomcat/embed/tomcat-embed-core/10.1.30/tomcat-embed-core-10.1.30.jar:/home/avasquez/.m2/repository/org/apache/tomcat/embed/tomcat-embed-el/10.1.30/tomcat-embed-el-10.1.30.jar:/home/avasquez/.m2/repository/org/apache/tomcat/embed/tomcat-embed-websocket/10.1.30/tomcat-embed-websocket-10.1.30.jar:/home/avasquez/.m2/repository/org/springframework/spring-web/6.1.13/spring-web-6.1.13.jar:/home/avasquez/.m2/repository/org/springframework/cloud/spring-cloud-starter-feign/1.4.7.RELEASE/spring-cloud-starter-feign-1.4.7.RELEASE.jar:/home/avasquez/.m2/repository/org/springframework/cloud/spring-cloud-starter-openfeign/4.1.3/spring-cloud-starter-openfeign-4.1.3.jar:/home/avasquez/.m2/repository/org/springframework/cloud/spring-cloud-starter/4.1.4/spring-cloud-starter-4.1.4.jar:/home/avasquez/.m2/repository/org/springframework/cloud/spring-cloud-context/4.1.4/spring-cloud-context-4.1.4.jar:/home/avasquez/.m2/repository/org/springframework/security/spring-security-rsa/1.1.3/spring-security-rsa-1.1.3.jar:/home/avasquez/.m2/repository/org/bouncycastle/bcprov-jdk18on/1.78/bcprov-jdk18on-1.78.jar:/home/avasquez/.m2/repository/org/springframework/cloud/spring-cloud-openfeign-core/4.1.3/spring-cloud-openfeign-core-4.1.3.jar:/home/avasquez/.m2/repository/io/github/openfeign/form/feign-form-spring/3.8.0/feign-form-spring-3.8.0.jar:/home/avasquez/.m2/repository/io/github/openfeign/form/feign-form/3.8.0/feign-form-3.8.0.jar:/home/avasquez/.m2/repository/commons-fileupload/commons-fileupload/1.5/commons-fileupload-1.5.jar:/home/avasquez/.m2/repository/commons-io/commons-io/2.11.0/commons-io-2.11.0.jar:/home/avasquez/.m2/repository/org/springframework/cloud/spring-cloud-commons/4.1.4/spring-cloud-commons-4.1.4.jar:/home/avasquez/.m2/repository/org/springframework/security/spring-security-crypto/6.3.3/spring-security-crypto-6.3.3.jar:/home/avasquez/.m2/repository/io/github/openfeign/feign-core/13.3/feign-core-13.3.jar:/home/avasquez/.m2/repository/io/github/openfeign/feign-slf4j/13.3/feign-slf4j-13.3.jar:/home/avasquez/.m2/repository/org/wiremock/wiremock-standalone/3.4.2/wiremock-standalone-3.4.2.jar:/home/avasquez/.m2/repository/org/testcontainers/junit-jupiter/1.19.8/junit-jupiter-1.19.8.jar:/home/avasquez/.m2/repository/org/testcontainers/testcontainers/1.19.8/testcontainers-1.19.8.jar:/home/avasquez/.m2/repository/org/slf4j/slf4j-api/2.0.16/slf4j-api-2.0.16.jar:/home/avasquez/.m2/repository/org/apache/commons/commons-compress/1.24.0/commons-compress-1.24.0.jar:/home/avasquez/.m2/repository/org/rnorth/duct-tape/duct-tape/1.0.8/duct-tape-1.0.8.jar:/home/avasquez/.m2/repository/org/jetbrains/annotations/17.0.0/annotations-17.0.0.jar:/home/avasquez/.m2/repository/com/github/docker-java/docker-java-api/3.3.6/docker-java-api-3.3.6.jar:/home/avasquez/.m2/repository/com/github/docker-java/docker-java-transport-zerodep/3.3.6/docker-java-transport-zerodep-3.3.6.jar:/home/avasquez/.m2/repository/com/github/docker-java/docker-java-transport/3.3.6/docker-java-transport-3.3.6.jar:/home/avasquez/.m2/repository/net/java/dev/jna/jna/5.13.0/jna-5.13.0.jar:/home/avasquez/.m2/repository/org/testcontainers/mysql/1.19.8/mysql-1.19.8.jar:/home/avasquez/.m2/repository/org/testcontainers/jdbc/1.19.8/jdbc-1.19.8.jar:/home/avasquez/.m2/repository/org/testcontainers/database-commons/1.19.8/database-commons-1.19.8.jar:/home/avasquez/.m2/repository/org/springframework/boot/spring-boot-starter-data-jpa/3.3.4/spring-boot-starter-data-jpa-3.3.4.jar:/home/avasquez/.m2/repository/org/springframework/boot/spring-boot-starter-aop/3.3.4/spring-boot-starter-aop-3.3.4.jar:/home/avasquez/.m2/repository/org/aspectj/aspectjweaver/1.9.22.1/aspectjweaver-1.9.22.1.jar:/home/avasquez/.m2/repository/org/springframework/boot/spring-boot-starter-jdbc/3.3.4/spring-boot-starter-jdbc-3.3.4.jar:/home/avasquez/.m2/repository/com/zaxxer/HikariCP/5.1.0/HikariCP-5.1.0.jar:/home/avasquez/.m2/repository/org/springframework/spring-jdbc/6.1.13/spring-jdbc-6.1.13.jar:/home/avasquez/.m2/repository/org/hibernate/orm/hibernate-core/6.5.3.Final/hibernate-core-6.5.3.Final.jar:/home/avasquez/.m2/repository/jakarta/persistence/jakarta.persistence-api/3.1.0/jakarta.persistence-api-3.1.0.jar:/home/avasquez/.m2/repository/jakarta/transaction/jakarta.transaction-api/2.0.1/jakarta.transaction-api-2.0.1.jar:/home/avasquez/.m2/repository/org/jboss/logging/jboss-logging/3.5.3.Final/jboss-logging-3.5.3.Final.jar:/home/avasquez/.m2/repository/org/hibernate/common/hibernate-commons-annotations/6.0.6.Final/hibernate-commons-annotations-6.0.6.Final.jar:/home/avasquez/.m2/repository/io/smallrye/jandex/3.1.2/jandex-3.1.2.jar:/home/avasquez/.m2/repository/com/fasterxml/classmate/1.7.0/classmate-1.7.0.jar:/home/avasquez/.m2/repository/org/glassfish/jaxb/jaxb-runtime/4.0.5/jaxb-runtime-4.0.5.jar:/home/avasquez/.m2/repository/org/glassfish/jaxb/jaxb-core/4.0.5/jaxb-core-4.0.5.jar:/home/avasquez/.m2/repository/org/eclipse/angus/angus-activation/2.0.2/angus-activation-2.0.2.jar:/home/avasquez/.m2/repository/org/glassfish/jaxb/txw2/4.0.5/txw2-4.0.5.jar:/home/avasquez/.m2/repository/com/sun/istack/istack-commons-runtime/4.1.2/istack-commons-runtime-4.1.2.jar:/home/avasquez/.m2/repository/jakarta/inject/jakarta.inject-api/2.0.1/jakarta.inject-api-2.0.1.jar:/home/avasquez/.m2/repository/org/antlr/antlr4-runtime/4.13.0/antlr4-runtime-4.13.0.jar:/home/avasquez/.m2/repository/org/springframework/data/spring-data-jpa/3.3.4/spring-data-jpa-3.3.4.jar:/home/avasquez/.m2/repository/org/springframework/data/spring-data-commons/3.3.4/spring-data-commons-3.3.4.jar:/home/avasquez/.m2/repository/org/springframework/spring-orm/6.1.13/spring-orm-6.1.13.jar:/home/avasquez/.m2/repository/org/springframework/spring-tx/6.1.13/spring-tx-6.1.13.jar:/home/avasquez/.m2/repository/org/springframework/spring-aspects/6.1.13/spring-aspects-6.1.13.jar:/home/avasquez/.m2/repository/com/mysql/mysql-connector-j/8.3.0/mysql-connector-j-8.3.0.jar:/home/avasquez/.m2/repository/org/projectlombok/lombok/1.18.34/lombok-1.18.34.jar:/home/avasquez/.m2/repository/com/toedter/spring-hateoas-jsonapi/2.0.3/spring-hateoas-jsonapi-2.0.3.jar:/home/avasquez/.m2/repository/org/springframework/boot/spring-boot-starter-hateoas/3.3.4/spring-boot-starter-hateoas-3.3.4.jar:/home/avasquez/.m2/repository/org/springframework/hateoas/spring-hateoas/2.3.3/spring-hateoas-2.3.3.jar:/home/avasquez/.m2/repository/org/springframework/plugin/spring-plugin-core/3.0.0/spring-plugin-core-3.0.0.jar:/home/avasquez/.m2/repository/org/atteo/evo-inflector/1.3/evo-inflector-1.3.jar:/home/avasquez/.m2/repository/com/google/code/findbugs/jsr305/3.0.2/jsr305-3.0.2.jar:/home/avasquez/.m2/repository/jakarta/servlet/jakarta.servlet-api/6.0.0/jakarta.servlet-api-6.0.0.jar:/home/avasquez/.m2/repository/org/springdoc/springdoc-openapi-starter-webmvc-ui/2.5.0/springdoc-openapi-starter-webmvc-ui-2.5.0.jar:/home/avasquez/.m2/repository/org/springdoc/springdoc-openapi-starter-webmvc-api/2.5.0/springdoc-openapi-starter-webmvc-api-2.5.0.jar:/home/avasquez/.m2/repository/org/springdoc/springdoc-openapi-starter-common/2.5.0/springdoc-openapi-starter-common-2.5.0.jar:/home/avasquez/.m2/repository/io/swagger/core/v3/swagger-core-jakarta/2.2.21/swagger-core-jakarta-2.2.21.jar:/home/avasquez/.m2/repository/org/apache/commons/commons-lang3/3.14.0/commons-lang3-3.14.0.jar:/home/avasquez/.m2/repository/io/swagger/core/v3/swagger-annotations-jakarta/2.2.21/swagger-annotations-jakarta-2.2.21.jar:/home/avasquez/.m2/repository/io/swagger/core/v3/swagger-models-jakarta/2.2.21/swagger-models-jakarta-2.2.21.jar:/home/avasquez/.m2/repository/jakarta/validation/jakarta.validation-api/3.0.2/jakarta.validation-api-3.0.2.jar:/home/avasquez/.m2/repository/com/fasterxml/jackson/dataformat/jackson-dataformat-yaml/2.17.2/jackson-dataformat-yaml-2.17.2.jar:/home/avasquez/.m2/repository/org/webjars/swagger-ui/5.13.0/swagger-ui-5.13.0.jar:/home/avasquez/.m2/repository/com/fasterxml/jackson/core/jackson-annotations/2.17.2/jackson-annotations-2.17.2.jar:/home/avasquez/.m2/repository/junit/junit/4.13.2/junit-4.13.2.jar:/home/avasquez/.m2/repository/org/hamcrest/hamcrest-core/2.2/hamcrest-core-2.2.jar:/home/avasquez/.m2/repository/org/mockito/mockito-core/5.11.0/mockito-core-5.11.0.jar:/home/avasquez/.m2/repository/net/bytebuddy/byte-buddy/1.14.19/byte-buddy-1.14.19.jar:/home/avasquez/.m2/repository/net/bytebuddy/byte-buddy-agent/1.14.19/byte-buddy-agent-1.14.19.jar:/home/avasquez/.m2/repository/org/objenesis/objenesis/3.3/objenesis-3.3.jar:/home/avasquez/.m2/repository/org/junit/jupiter/junit-jupiter-api/5.10.3/junit-jupiter-api-5.10.3.jar:/home/avasquez/.m2/repository/org/opentest4j/opentest4j/1.3.0/opentest4j-1.3.0.jar:/home/avasquez/.m2/repository/org/junit/platform/junit-platform-commons/1.10.3/junit-platform-commons-1.10.3.jar:/home/avasquez/.m2/repository/org/apiguardian/apiguardian-api/1.1.2/apiguardian-api-1.1.2.jar:/home/avasquez/.m2/repository/org/springframework/spring-webmvc/6.1.13/spring-webmvc-6.1.13.jar:/home/avasquez/.m2/repository/org/springframework/spring-aop/6.1.13/spring-aop-6.1.13.jar:/home/avasquez/.m2/repository/org/springframework/spring-beans/6.1.13/spring-beans-6.1.13.jar:/home/avasquez/.m2/repository/org/springframework/spring-context/6.1.13/spring-context-6.1.13.jar:/home/avasquez/.m2/repository/org/springframework/spring-core/6.1.13/spring-core-6.1.13.jar:/home/avasquez/.m2/repository/org/springframework/spring-jcl/6.1.13/spring-jcl-6.1.13.jar:/home/avasquez/.m2/repository/org/springframework/spring-expression/6.1.13/spring-expression-6.1.13.jar:/home/avasquez/.m2/repository/org/springframework/boot/spring-boot-starter-test/3.3.4/spring-boot-starter-test-3.3.4.jar:/home/avasquez/.m2/repository/org/springframework/boot/spring-boot-test/3.3.4/spring-boot-test-3.3.4.jar:/home/avasquez/.m2/repository/org/springframework/boot/spring-boot-test-autoconfigure/3.3.4/spring-boot-test-autoconfigure-3.3.4.jar:/home/avasquez/.m2/repository/com/jayway/jsonpath/json-path/2.9.0/json-path-2.9.0.jar:/home/avasquez/.m2/repository/jakarta/xml/bind/jakarta.xml.bind-api/4.0.2/jakarta.xml.bind-api-4.0.2.jar:/home/avasquez/.m2/repository/jakarta/activation/jakarta.activation-api/2.1.3/jakarta.activation-api-2.1.3.jar:/home/avasquez/.m2/repository/net/minidev/json-smart/2.5.1/json-smart-2.5.1.jar:/home/avasquez/.m2/repository/net/minidev/accessors-smart/2.5.1/accessors-smart-2.5.1.jar:/home/avasquez/.m2/repository/org/ow2/asm/asm/9.6/asm-9.6.jar:/home/avasquez/.m2/repository/org/assertj/assertj-core/3.25.3/assertj-core-3.25.3.jar:/home/avasquez/.m2/repository/org/awaitility/awaitility/4.2.2/awaitility-4.2.2.jar:/home/avasquez/.m2/repository/org/hamcrest/hamcrest/2.2/hamcrest-2.2.jar:/home/avasquez/.m2/repository/org/junit/jupiter/junit-jupiter/5.10.3/junit-jupiter-5.10.3.jar:/home/avasquez/.m2/repository/org/junit/jupiter/junit-jupiter-params/5.10.3/junit-jupiter-params-5.10.3.jar:/home/avasquez/.m2/repository/org/junit/jupiter/junit-jupiter-engine/5.10.3/junit-jupiter-engine-5.10.3.jar:/home/avasquez/.m2/repository/org/junit/platform/junit-platform-engine/1.10.3/junit-platform-engine-1.10.3.jar:/home/avasquez/.m2/repository/org/mockito/mockito-junit-jupiter/5.11.0/mockito-junit-jupiter-5.11.0.jar:/home/avasquez/.m2/repository/org/skyscreamer/jsonassert/1.5.3/jsonassert-1.5.3.jar:/home/avasquez/.m2/repository/com/vaadin/external/google/android-json/0.0.20131108.vaadin1/android-json-0.0.20131108.vaadin1.jar:/home/avasquez/.m2/repository/org/springframework/spring-test/6.1.13/spring-test-6.1.13.jar:/home/avasquez/.m2/repository/org/xmlunit/xmlunit-core/2.9.1/xmlunit-core-2.9.1.jar:/home/avasquez/.m2/repository/org/springframework/boot/spring-boot-starter-actuator/3.3.4/spring-boot-starter-actuator-3.3.4.jar:/home/avasquez/.m2/repository/org/springframework/boot/spring-boot-actuator-autoconfigure/3.3.4/spring-boot-actuator-autoconfigure-3.3.4.jar:/home/avasquez/.m2/repository/org/springframework/boot/spring-boot-actuator/3.3.4/spring-boot-actuator-3.3.4.jar:/home/avasquez/.m2/repository/io/micrometer/micrometer-observation/1.13.4/micrometer-observation-1.13.4.jar:/home/avasquez/.m2/repository/io/micrometer/micrometer-commons/1.13.4/micrometer-commons-1.13.4.jar:/home/avasquez/.m2/repository/io/micrometer/micrometer-jakarta9/1.13.4/micrometer-jakarta9-1.13.4.jar:/home/avasquez/.m2/repository/io/micrometer/micrometer-core/1.13.4/micrometer-core-1.13.4.jar:/home/avasquez/.m2/repository/org/hdrhistogram/HdrHistogram/2.2.2/HdrHistogram-2.2.2.jar:/home/avasquez/.m2/repository/org/latencyutils/LatencyUtils/2.0.3/LatencyUtils-2.0.3.jar:"/>
    <property name="java.vm.vendor" value="Eclipse Adoptium"/>
    <property name="sun.arch.data.model" value="64"/>
    <property name="java.vendor.url" value="https://adoptium.net/"/>
    <property name="user.timezone" value="America/Bogota"/>
    <property name="org.jboss.logging.provider" value="slf4j"/>
    <property name="os.name" value="Linux"/>
    <property name="java.vm.specification.version" value="21"/>
    <property name="sun.java.launcher" value="SUN_STANDARD"/>
    <property name="user.country" value="CO"/>
    <property name="sun.boot.library.path" value="/home/avasquez/.p2/pool/plugins/org.eclipse.justj.openjdk.hotspot.jre.full.linux.x86_64_21.0.4.v20240802-1551/jre/lib"/>
    <property name="sun.java.command" value="/home/avasquez/eclipse-workspace/store/inventary-service/target/surefire/surefirebooter-20250810201315939_3.jar /home/avasquez/eclipse-workspace/store/inventary-service/target/surefire 2025-08-10T20-13-15_896-jvmRun1 surefire-20250810201315939_1tmp surefire_0-20250810201315939_2tmp"/>
    <property name="jdk.debug" value="release"/>
    <property name="surefire.test.class.path" value="/home/avasquez/eclipse-workspace/store/inventary-service/target/test-classes:/home/avasquez/eclipse-workspace/store/inventary-service/target/classes:/home/avasquez/.m2/repository/org/springframework/boot/spring-boot-starter-web/3.3.4/spring-boot-starter-web-3.3.4.jar:/home/avasquez/.m2/repository/org/springframework/boot/spring-boot-starter/3.3.4/spring-boot-starter-3.3.4.jar:/home/avasquez/.m2/repository/org/springframework/boot/spring-boot/3.3.4/spring-boot-3.3.4.jar:/home/avasquez/.m2/repository/org/springframework/boot/spring-boot-autoconfigure/3.3.4/spring-boot-autoconfigure-3.3.4.jar:/home/avasquez/.m2/repository/org/springframework/boot/spring-boot-starter-logging/3.3.4/spring-boot-starter-logging-3.3.4.jar:/home/avasquez/.m2/repository/ch/qos/logback/logback-classic/1.5.8/logback-classic-1.5.8.jar:/home/avasquez/.m2/repository/ch/qos/logback/logback-core/1.5.8/logback-core-1.5.8.jar:/home/avasquez/.m2/repository/org/apache/logging/log4j/log4j-to-slf4j/2.23.1/log4j-to-slf4j-2.23.1.jar:/home/avasquez/.m2/repository/org/apache/logging/log4j/log4j-api/2.23.1/log4j-api-2.23.1.jar:/home/avasquez/.m2/repository/org/slf4j/jul-to-slf4j/2.0.16/jul-to-slf4j-2.0.16.jar:/home/avasquez/.m2/repository/jakarta/annotation/jakarta.annotation-api/2.1.1/jakarta.annotation-api-2.1.1.jar:/home/avasquez/.m2/repository/org/yaml/snakeyaml/2.2/snakeyaml-2.2.jar:/home/avasquez/.m2/repository/org/springframework/boot/spring-boot-starter-json/3.3.4/spring-boot-starter-json-3.3.4.jar:/home/avasquez/.m2/repository/com/fasterxml/jackson/core/jackson-databind/2.17.2/jackson-databind-2.17.2.jar:/home/avasquez/.m2/repository/com/fasterxml/jackson/core/jackson-core/2.17.2/jackson-core-2.17.2.jar:/home/avasquez/.m2/repository/com/fasterxml/jackson/datatype/jackson-datatype-jdk8/2.17.2/jackson-datatype-jdk8-2.17.2.jar:/home/avasquez/.m2/repository/com/fasterxml/jackson/datatype/jackson-datatype-jsr310/2.17.2/jackson-datatype-jsr310-2.17.2.jar:/home/avasquez/.m2/repository/com/fasterxml/jackson/module/jackson-module-parameter-names/2.17.2/jackson-module-parameter-names-2.17.2.jar:/home/avasquez/.m2/repository/org/springframework/boot/spring-boot-starter-tomcat/3.3.4/spring-boot-starter-tomcat-3.3.4.jar:/home/avasquez/.m2/repository/org/apache/tomcat/embed/tomcat-embed-core/10.1.30/tomcat-embed-core-10.1.30.jar:/home/avasquez/.m2/repository/org/apache/tomcat/embed/tomcat-embed-el/10.1.30/tomcat-embed-el-10.1.30.jar:/home/avasquez/.m2/repository/org/apache/tomcat/embed/tomcat-embed-websocket/10.1.30/tomcat-embed-websocket-10.1.30.jar:/home/avasquez/.m2/repository/org/springframework/spring-web/6.1.13/spring-web-6.1.13.jar:/home/avasquez/.m2/repository/org/springframework/cloud/spring-cloud-starter-feign/1.4.7.RELEASE/spring-cloud-starter-feign-1.4.7.RELEASE.jar:/home/avasquez/.m2/repository/org/springframework/cloud/spring-cloud-starter-openfeign/4.1.3/spring-cloud-starter-openfeign-4.1.3.jar:/home/avasquez/.m2/repository/org/springframework/cloud/spring-cloud-starter/4.1.4/spring-cloud-starter-4.1.4.jar:/home/avasquez/.m2/repository/org/springframework/cloud/spring-cloud-context/4.1.4/spring-cloud-context-4.1.4.jar:/home/avasquez/.m2/repository/org/springframework/security/spring-security-rsa/1.1.3/spring-security-rsa-1.1.3.jar:/home/avasquez/.m2/repository/org/bouncycastle/bcprov-jdk18on/1.78/bcprov-jdk18on-1.78.jar:/home/avasquez/.m2/repository/org/springframework/cloud/spring-cloud-openfeign-core/4.1.3/spring-cloud-openfeign-core-4.1.3.jar:/home/avasquez/.m2/repository/io/github/openfeign/form/feign-form-spring/3.8.0/feign-form-spring-3.8.0.jar:/home/avasquez/.m2/repository/io/github/openfeign/form/feign-form/3.8.0/feign-form-3.8.0.jar:/home/avasquez/.m2/repository/commons-fileupload/commons-fileupload/1.5/commons-fileupload-1.5.jar:/home/avasquez/.m2/repository/commons-io/commons-io/2.11.0/commons-io-2.11.0.jar:/home/avasquez/.m2/repository/org/springframework/cloud/spring-cloud-commons/4.1.4/spring-cloud-commons-4.1.4.jar:/home/avasquez/.m2/repository/org/springframework/security/spring-security-crypto/6.3.3/spring-security-crypto-6.3.3.jar:/home/avasquez/.m2/repository/io/github/openfeign/feign-core/13.3/feign-core-13.3.jar:/home/avasquez/.m2/repository/io/github/openfeign/feign-slf4j/13.3/feign-slf4j-13.3.jar:/home/avasquez/.m2/repository/org/wiremock/wiremock-standalone/3.4.2/wiremock-standalone-3.4.2.jar:/home/avasquez/.m2/repository/org/testcontainers/junit-jupiter/1.19.8/junit-jupiter-1.19.8.jar:/home/avasquez/.m2/repository/org/testcontainers/testcontainers/1.19.8/testcontainers-1.19.8.jar:/home/avasquez/.m2/repository/org/slf4j/slf4j-api/2.0.16/slf4j-api-2.0.16.jar:/home/avasquez/.m2/repository/org/apache/commons/commons-compress/1.24.0/commons-compress-1.24.0.jar:/home/avasquez/.m2/repository/org/rnorth/duct-tape/duct-tape/1.0.8/duct-tape-1.0.8.jar:/home/avasquez/.m2/repository/org/jetbrains/annotations/17.0.0/annotations-17.0.0.jar:/home/avasquez/.m2/repository/com/github/docker-java/docker-java-api/3.3.6/docker-java-api-3.3.6.jar:/home/avasquez/.m2/repository/com/github/docker-java/docker-java-transport-zerodep/3.3.6/docker-java-transport-zerodep-3.3.6.jar:/home/avasquez/.m2/repository/com/github/docker-java/docker-java-transport/3.3.6/docker-java-transport-3.3.6.jar:/home/avasquez/.m2/repository/net/java/dev/jna/jna/5.13.0/jna-5.13.0.jar:/home/avasquez/.m2/repository/org/testcontainers/mysql/1.19.8/mysql-1.19.8.jar:/home/avasquez/.m2/repository/org/testcontainers/jdbc/1.19.8/jdbc-1.19.8.jar:/home/avasquez/.m2/repository/org/testcontainers/database-commons/1.19.8/database-commons-1.19.8.jar:/home/avasquez/.m2/repository/org/springframework/boot/spring-boot-starter-data-jpa/3.3.4/spring-boot-starter-data-jpa-3.3.4.jar:/home/avasquez/.m2/repository/org/springframework/boot/spring-boot-starter-aop/3.3.4/spring-boot-starter-aop-3.3.4.jar:/home/avasquez/.m2/repository/org/aspectj/aspectjweaver/1.9.22.1/aspectjweaver-1.9.22.1.jar:/home/avasquez/.m2/repository/org/springframework/boot/spring-boot-starter-jdbc/3.3.4/spring-boot-starter-jdbc-3.3.4.jar:/home/avasquez/.m2/repository/com/zaxxer/HikariCP/5.1.0/HikariCP-5.1.0.jar:/home/avasquez/.m2/repository/org/springframework/spring-jdbc/6.1.13/spring-jdbc-6.1.13.jar:/home/avasquez/.m2/repository/org/hibernate/orm/hibernate-core/6.5.3.Final/hibernate-core-6.5.3.Final.jar:/home/avasquez/.m2/repository/jakarta/persistence/jakarta.persistence-api/3.1.0/jakarta.persistence-api-3.1.0.jar:/home/avasquez/.m2/repository/jakarta/transaction/jakarta.transaction-api/2.0.1/jakarta.transaction-api-2.0.1.jar:/home/avasquez/.m2/repository/org/jboss/logging/jboss-logging/3.5.3.Final/jboss-logging-3.5.3.Final.jar:/home/avasquez/.m2/repository/org/hibernate/common/hibernate-commons-annotations/6.0.6.Final/hibernate-commons-annotations-6.0.6.Final.jar:/home/avasquez/.m2/repository/io/smallrye/jandex/3.1.2/jandex-3.1.2.jar:/home/avasquez/.m2/repository/com/fasterxml/classmate/1.7.0/classmate-1.7.0.jar:/home/avasquez/.m2/repository/org/glassfish/jaxb/jaxb-runtime/4.0.5/jaxb-runtime-4.0.5.jar:/home/avasquez/.m2/repository/org/glassfish/jaxb/jaxb-core/4.0.5/jaxb-core-4.0.5.jar:/home/avasquez/.m2/repository/org/eclipse/angus/angus-activation/2.0.2/angus-activation-2.0.2.jar:/home/avasquez/.m2/repository/org/glassfish/jaxb/txw2/4.0.5/txw2-4.0.5.jar:/home/avasquez/.m2/repository/com/sun/istack/istack-commons-runtime/4.1.2/istack-commons-runtime-4.1.2.jar:/home/avasquez/.m2/repository/jakarta/inject/jakarta.inject-api/2.0.1/jakarta.inject-api-2.0.1.jar:/home/avasquez/.m2/repository/org/antlr/antlr4-runtime/4.13.0/antlr4-runtime-4.13.0.jar:/home/avasquez/.m2/repository/org/springframework/data/spring-data-jpa/3.3.4/spring-data-jpa-3.3.4.jar:/home/avasquez/.m2/repository/org/springframework/data/spring-data-commons/3.3.4/spring-data-commons-3.3.4.jar:/home/avasquez/.m2/repository/org/springframework/spring-orm/6.1.13/spring-orm-6.1.13.jar:/home/avasquez/.m2/repository/org/springframework/spring-tx/6.1.13/spring-tx-6.1.13.jar:/home/avasquez/.m2/repository/org/springframework/spring-aspects/6.1.13/spring-aspects-6.1.13.jar:/home/avasquez/.m2/repository/com/mysql/mysql-connector-j/8.3.0/mysql-connector-j-8.3.0.jar:/home/avasquez/.m2/repository/org/projectlombok/lombok/1.18.34/lombok-1.18.34.jar:/home/avasquez/.m2/repository/com/toedter/spring-hateoas-jsonapi/2.0.3/spring-hateoas-jsonapi-2.0.3.jar:/home/avasquez/.m2/repository/org/springframework/boot/spring-boot-starter-hateoas/3.3.4/spring-boot-starter-hateoas-3.3.4.jar:/home/avasquez/.m2/repository/org/springframework/hateoas/spring-hateoas/2.3.3/spring-hateoas-2.3.3.jar:/home/avasquez/.m2/repository/org/springframework/plugin/spring-plugin-core/3.0.0/spring-plugin-core-3.0.0.jar:/home/avasquez/.m2/repository/org/atteo/evo-inflector/1.3/evo-inflector-1.3.jar:/home/avasquez/.m2/repository/com/google/code/findbugs/jsr305/3.0.2/jsr305-3.0.2.jar:/home/avasquez/.m2/repository/jakarta/servlet/jakarta.servlet-api/6.0.0/jakarta.servlet-api-6.0.0.jar:/home/avasquez/.m2/repository/org/springdoc/springdoc-openapi-starter-webmvc-ui/2.5.0/springdoc-openapi-starter-webmvc-ui-2.5.0.jar:/home/avasquez/.m2/repository/org/springdoc/springdoc-openapi-starter-webmvc-api/2.5.0/springdoc-openapi-starter-webmvc-api-2.5.0.jar:/home/avasquez/.m2/repository/org/springdoc/springdoc-openapi-starter-common/2.5.0/springdoc-openapi-starter-common-2.5.0.jar:/home/avasquez/.m2/repository/io/swagger/core/v3/swagger-core-jakarta/2.2.21/swagger-core-jakarta-2.2.21.jar:/home/avasquez/.m2/repository/org/apache/commons/commons-lang3/3.14.0/commons-lang3-3.14.0.jar:/home/avasquez/.m2/repository/io/swagger/core/v3/swagger-annotations-jakarta/2.2.21/swagger-annotations-jakarta-2.2.21.jar:/home/avasquez/.m2/repository/io/swagger/core/v3/swagger-models-jakarta/2.2.21/swagger-models-jakarta-2.2.21.jar:/home/avasquez/.m2/repository/jakarta/validation/jakarta.validation-api/3.0.2/jakarta.validation-api-3.0.2.jar:/home/avasquez/.m2/repository/com/fasterxml/jackson/dataformat/jackson-dataformat-yaml/2.17.2/jackson-dataformat-yaml-2.17.2.jar:/home/avasquez/.m2/repository/org/webjars/swagger-ui/5.13.0/swagger-ui-5.13.0.jar:/home/avasquez/.m2/repository/com/fasterxml/jackson/core/jackson-annotations/2.17.2/jackson-annotations-2.17.2.jar:/home/avasquez/.m2/repository/junit/junit/4.13.2/junit-4.13.2.jar:/home/avasquez/.m2/repository/org/hamcrest/hamcrest-core/2.2/hamcrest-core-2.2.jar:/home/avasquez/.m2/repository/org/mockito/mockito-core/5.11.0/mockito-core-5.11.0.jar:/home/avasquez/.m2/repository/net/bytebuddy/byte-buddy/1.14.19/byte-buddy-1.14.19.jar:/home/avasquez/.m2/repository/net/bytebuddy/byte-buddy-agent/1.14.19/byte-buddy-agent-1.14.19.jar:/home/avasquez/.m2/repository/org/objenesis/objenesis/3.3/objenesis-3.3.jar:/home/avasquez/.m2/repository/org/junit/jupiter/junit-jupiter-api/5.10.3/junit-jupiter-api-5.10.3.jar:/home/avasquez/.m2/repository/org/opentest4j/opentest4j/1.3.0/opentest4j-1.3.0.jar:/home/avasquez/.m2/repository/org/junit/platform/junit-platform-commons/1.10.3/junit-platform-commons-1.10.3.jar:/home/avasquez/.m2/repository/org/apiguardian/apiguardian-api/1.1.2/apiguardian-api-1.1.2.jar:/home/avasquez/.m2/repository/org/springframework/spring-webmvc/6.1.13/spring-webmvc-6.1.13.jar:/home/avasquez/.m2/repository/org/springframework/spring-aop/6.1.13/spring-aop-6.1.13.jar:/home/avasquez/.m2/repository/org/springframework/spring-beans/6.1.13/spring-beans-6.1.13.jar:/home/avasquez/.m2/repository/org/springframework/spring-context/6.1.13/spring-context-6.1.13.jar:/home/avasquez/.m2/repository/org/springframework/spring-core/6.1.13/spring-core-6.1.13.jar:/home/avasquez/.m2/repository/org/springframework/spring-jcl/6.1.13/spring-jcl-6.1.13.jar:/home/avasquez/.m2/repository/org/springframework/spring-expression/6.1.13/spring-expression-6.1.13.jar:/home/avasquez/.m2/repository/org/springframework/boot/spring-boot-starter-test/3.3.4/spring-boot-starter-test-3.3.4.jar:/home/avasquez/.m2/repository/org/springframework/boot/spring-boot-test/3.3.4/spring-boot-test-3.3.4.jar:/home/avasquez/.m2/repository/org/springframework/boot/spring-boot-test-autoconfigure/3.3.4/spring-boot-test-autoconfigure-3.3.4.jar:/home/avasquez/.m2/repository/com/jayway/jsonpath/json-path/2.9.0/json-path-2.9.0.jar:/home/avasquez/.m2/repository/jakarta/xml/bind/jakarta.xml.bind-api/4.0.2/jakarta.xml.bind-api-4.0.2.jar:/home/avasquez/.m2/repository/jakarta/activation/jakarta.activation-api/2.1.3/jakarta.activation-api-2.1.3.jar:/home/avasquez/.m2/repository/net/minidev/json-smart/2.5.1/json-smart-2.5.1.jar:/home/avasquez/.m2/repository/net/minidev/accessors-smart/2.5.1/accessors-smart-2.5.1.jar:/home/avasquez/.m2/repository/org/ow2/asm/asm/9.6/asm-9.6.jar:/home/avasquez/.m2/repository/org/assertj/assertj-core/3.25.3/assertj-core-3.25.3.jar:/home/avasquez/.m2/repository/org/awaitility/awaitility/4.2.2/awaitility-4.2.2.jar:/home/avasquez/.m2/repository/org/hamcrest/hamcrest/2.2/hamcrest-2.2.jar:/home/avasquez/.m2/repository/org/junit/jupiter/junit-jupiter/5.10.3/junit-jupiter-5.10.3.jar:/home/avasquez/.m2/repository/org/junit/jupiter/junit-jupiter-params/5.10.3/junit-jupiter-params-5.10.3.jar:/home/avasquez/.m2/repository/org/junit/jupiter/junit-jupiter-engine/5.10.3/junit-jupiter-engine-5.10.3.jar:/home/avasquez/.m2/repository/org/junit/platform/junit-platform-engine/1.10.3/junit-platform-engine-1.10.3.jar:/home/avasquez/.m2/repository/org/mockito/mockito-junit-jupiter/5.11.0/mockito-junit-jupiter-5.11.0.jar:/home/avasquez/.m2/repository/org/skyscreamer/jsonassert/1.5.3/jsonassert-1.5.3.jar:/home/avasquez/.m2/repository/com/vaadin/external/google/android-json/0.0.20131108.vaadin1/android-json-0.0.20131108.vaadin1.jar:/home/avasquez/.m2/repository/org/springframework/spring-test/6.1.13/spring-test-6.1.13.jar:/home/avasquez/.m2/repository/org/xmlunit/xmlunit-core/2.9.1/xmlunit-core-2.9.1.jar:/home/avasquez/.m2/repository/org/springframework/boot/spring-boot-starter-actuator/3.3.4/spring-boot-starter-actuator-3.3.4.jar:/home/avasquez/.m2/repository/org/springframework/boot/spring-boot-actuator-autoconfigure/3.3.4/spring-boot-actuator-autoconfigure-3.3.4.jar:/home/avasquez/.m2/repository/org/springframework/boot/spring-boot-actuator/3.3.4/spring-boot-actuator-3.3.4.jar:/home/avasquez/.m2/repository/io/micrometer/micrometer-observation/1.13.4/micrometer-observation-1.13.4.jar:/home/avasquez/.m2/repository/io/micrometer/micrometer-commons/1.13.4/micrometer-commons-1.13.4.jar:/home/avasquez/.m2/repository/io/micrometer/micrometer-jakarta9/1.13.4/micrometer-jakarta9-1.13.4.jar:/home/avasquez/.m2/repository/io/micrometer/micrometer-core/1.13.4/micrometer-core-1.13.4.jar:/home/avasquez/.m2/repository/org/hdrhistogram/HdrHistogram/2.2.2/HdrHistogram-2.2.2.jar:/home/avasquez/.m2/repository/org/latencyutils/LatencyUtils/2.0.3/LatencyUtils-2.0.3.jar:"/>
    <property name="sun.cpu.endian" value="little"/>
    <property name="user.home" value="/home/avasquez"/>
    <property name="user.language" value="es"/>
    <property name="java.specification.vendor" value="Oracle Corporation"/>
    <property name="java.version.date" value="2024-07-16"/>
    <property name="java.home" value="/home/avasquez/.p2/pool/plugins/org.eclipse.justj.openjdk.hotspot.jre.full.linux.x86_64_21.0.4.v20240802-1551/jre"/>
    <property name="file.separator" value="/"/>
    <property name="basedir" value="/home/avasquez/eclipse-workspace/store/inventary-service"/>
    <property name="style.color" value="always"/>
    <property name="java.vm.compressedOopsMode" value="Zero based"/>
    <property name="line.separator" value="&#10;"/>
    <property name="java.vm.specification.vendor" value="Oracle Corporation"/>
    <property name="java.specification.name" value="Java Platform API Specification"/>
    <property name="FILE_LOG_CHARSET" value="UTF-8"/>
    <property name="java.awt.headless" value="true"/>
    <property name="surefire.real.class.path" value="/home/avasquez/eclipse-workspace/store/inventary-service/target/surefire/surefirebooter-20250810201315939_3.jar"/>
    <property name="sun.management.compiler" value="HotSpot 64-Bit Tiered Compilers"/>
    <property name="java.runtime.version" value="21.0.4+7-LTS"/>
    <property name="user.name" value="avasquez"/>
    <property name="stdout.encoding" value="UTF-8"/>
    <property name="path.separator" value=":"/>
    <property name="os.version" value="6.8.0-65-generic"/>
    <property name="java.runtime.name" value="OpenJDK Runtime Environment"/>
    <property name="file.encoding" value="UTF-8"/>
    <property name="jnidispatch.path" value="/home/avasquez/.cache/JNA/temp/jna10490222450714184689.tmp"/>
    <property name="java.vm.name" value="OpenJDK 64-Bit Server VM"/>
    <property name="jna.platform.library.path" value="/usr/lib/x86_64-linux-gnu:/lib/x86_64-linux-gnu:/usr/lib64:/lib64:/usr/lib:/lib:/lib/i386-linux-gnu:/lib/i386-linux-gnu/sse2:/usr/lib/x86_64-linux-gnu/libfakeroot"/>
    <property name="java.vendor.version" value="Temurin-21.0.4+7"/>
    <property name="localRepository" value="/home/avasquez/.m2/repository"/>
    <property name="javax.xml.xpath.XPathFactory:http://java.sun.com/jaxp/xpath/dom" value="com.sun.org.apache.xpath.internal.jaxp.XPathFactoryImpl"/>
    <property name="jna.loaded" value="true"/>
    <property name="java.vendor.url.bug" value="https://github.com/adoptium/adoptium-support/issues"/>
    <property name="jetty.git.hash" value="922f8dc188f7011e60d0361de585fd4ac4d63064"/>
    <property name="java.io.tmpdir" value="/tmp"/>
    <property name="wiremock.org.eclipse.jetty.http.HttpGenerator.STRICT" value="true"/>
    <property name="com.zaxxer.hikari.pool_number" value="1"/>
    <property name="java.version" value="21.0.4"/>
    <property name="user.dir" value="/home/avasquez/eclipse-workspace/store/inventary-service"/>
    <property name="os.arch" value="amd64"/>
    <property name="java.vm.specification.name" value="Java Virtual Machine Specification"/>
    <property name="PID" value="265065"/>
    <property name="CONSOLE_LOG_CHARSET" value="UTF-8"/>
    <property name="native.encoding" value="UTF-8"/>
    <property name="java.library.path" value="/usr/java/packages/lib:/usr/lib64:/lib64:/lib:/usr/lib"/>
    <property name="java.vm.info" value="mixed mode"/>
    <property name="stderr.encoding" value="UTF-8"/>
    <property name="java.vendor" value="Eclipse Adoptium"/>
    <property name="java.vm.version" value="21.0.4+7-LTS"/>
    <property name="sun.io.unicode.encoding" value="UnicodeLittle"/>
    <property name="javax.xml.transform.TransformerFactory" value="com.sun.org.apache.xalan.internal.xsltc.trax.TransformerFactoryImpl"/>
    <property name="java.class.version" value="65.0"/>
  </properties>
  <testcase name="getInventoryByProductId_shouldThrowFeignException_whenFeignExceptionOccurs" classname="com.linktic.inventaryservice.service.InventoryServiceImplTest" time="0.154">
    <system-out><![CDATA[2025-08-10 20:13:22.943 [f4b32649-bd32-421c-b258-8e953457db71] INFO  c.l.i.service.InventoryServiceImpl - Request received to get inventory and product info for productId=prod123
2025-08-10 20:13:22.944 [f4b32649-bd32-421c-b258-8e953457db71] DEBUG c.l.i.service.InventoryServiceImpl - Inventory found for productId=prod123, quantity=20
2025-08-10 20:13:22.944 [f4b32649-bd32-421c-b258-8e953457db71] ERROR c.l.i.service.InventoryServiceImpl - Error calling product service for productId=prod123, status=500, message=[500] during [GET] to [] [getByProductById]: []
]]></system-out>
  </testcase>
  <testcase name="getInventoryByProductId_shouldThrowNotFoundException_whenInventoryNotFound" classname="com.linktic.inventaryservice.service.InventoryServiceImplTest" time="0.002">
    <system-out><![CDATA[2025-08-10 20:13:22.946 [ca3ad2b0-ba50-4ca0-b49d-053fe2d66f60] INFO  c.l.i.service.InventoryServiceImpl - Request received to get inventory and product info for productId=prod123
2025-08-10 20:13:22.946 [ca3ad2b0-ba50-4ca0-b49d-053fe2d66f60] WARN  c.l.i.service.InventoryServiceImpl - Inventory not found for productId=prod123
]]></system-out>
  </testcase>
  <testcase name="updateQuantityAfterPurchase_shouldThrowIllegalArgumentException_whenInsufficientInventory" classname="com.linktic.inventaryservice.service.InventoryServiceImplTest" time="0.008">
    <system-out><![CDATA[2025-08-10 20:13:22.949 [b7ac73a7-870c-4d6d-9c8f-870dda4a694c] INFO  c.l.i.service.InventoryServiceImpl - Request received to deduct quantity=50 from inventory for productId=prod123
2025-08-10 20:13:22.949 [b7ac73a7-870c-4d6d-9c8f-870dda4a694c] WARN  c.l.i.service.InventoryServiceImpl - Insufficient inventory for productId=prod123, requested deduction=50, available=20
]]></system-out>
  </testcase>
  <testcase name="updateQuantityAfterPurchase_shouldThrowFeignException_whenOtherFeignExceptionOccurs" classname="com.linktic.inventaryservice.service.InventoryServiceImplTest" time="0.002">
    <system-out><![CDATA[2025-08-10 20:13:22.957 [8ff29574-60d5-49f9-b079-d94098f50cab] INFO  c.l.i.service.InventoryServiceImpl - Request received to deduct quantity=5 from inventory for productId=prod123
2025-08-10 20:13:22.958 [8ff29574-60d5-49f9-b079-d94098f50cab] INFO  c.l.i.service.InventoryServiceImpl - Inventory updated successfully for productId=prod123, newQuantity=15
2025-08-10 20:13:22.958 [8ff29574-60d5-49f9-b079-d94098f50cab] ERROR c.l.i.service.InventoryServiceImpl - Error calling product service after inventory update for productId=prod123, status=500, message=[500 Internal Server Error] during [GET] to [/products/prod123] [getByProductById]: []
]]></system-out>
  </testcase>
  <testcase name="getInventoryByProductId_shouldReturnInventoryJsonApiResponse_whenProductAndInventoryExist" classname="com.linktic.inventaryservice.service.InventoryServiceImplTest" time="0.003">
    <system-out><![CDATA[2025-08-10 20:13:22.960 [b5048516-d5e9-4e6a-82d7-77ecd1f8d3ef] INFO  c.l.i.service.InventoryServiceImpl - Request received to get inventory and product info for productId=prod123
2025-08-10 20:13:22.960 [b5048516-d5e9-4e6a-82d7-77ecd1f8d3ef] DEBUG c.l.i.service.InventoryServiceImpl - Inventory found for productId=prod123, quantity=20
2025-08-10 20:13:22.960 [b5048516-d5e9-4e6a-82d7-77ecd1f8d3ef] DEBUG c.l.i.service.InventoryServiceImpl - Product service returned successfully for productId=prod123
2025-08-10 20:13:22.960 [b5048516-d5e9-4e6a-82d7-77ecd1f8d3ef] INFO  c.l.i.service.InventoryServiceImpl - Returning inventory and product info for productId=prod123, quantity=20
]]></system-out>
  </testcase>
  <testcase name="getInventoryByProductId_shouldThrowNotFoundException_whenProductResponseIsNull" classname="com.linktic.inventaryservice.service.InventoryServiceImplTest" time="0.002">
    <system-out><![CDATA[2025-08-10 20:13:22.963 [297b4dc6-09f1-4dae-a82c-8cd0e8d22e78] INFO  c.l.i.service.InventoryServiceImpl - Request received to get inventory and product info for productId=prod123
2025-08-10 20:13:22.964 [297b4dc6-09f1-4dae-a82c-8cd0e8d22e78] DEBUG c.l.i.service.InventoryServiceImpl - Inventory found for productId=prod123, quantity=20
2025-08-10 20:13:22.964 [297b4dc6-09f1-4dae-a82c-8cd0e8d22e78] DEBUG c.l.i.service.InventoryServiceImpl - Product service returned successfully for productId=prod123
2025-08-10 20:13:22.964 [297b4dc6-09f1-4dae-a82c-8cd0e8d22e78] WARN  c.l.i.service.InventoryServiceImpl - Product response empty or null for productId=prod123
]]></system-out>
  </testcase>
  <testcase name="updateQuantityAfterPurchase_shouldThrowNotFoundException_whenProductClientReturnsNotFound" classname="com.linktic.inventaryservice.service.InventoryServiceImplTest" time="0.008">
    <system-out><![CDATA[2025-08-10 20:13:22.972 [2eddcbbe-da13-43df-9e23-d19d69043467] INFO  c.l.i.service.InventoryServiceImpl - Request received to deduct quantity=5 from inventory for productId=prod123
2025-08-10 20:13:22.973 [2eddcbbe-da13-43df-9e23-d19d69043467] INFO  c.l.i.service.InventoryServiceImpl - Inventory updated successfully for productId=prod123, newQuantity=15
2025-08-10 20:13:22.973 [2eddcbbe-da13-43df-9e23-d19d69043467] WARN  c.l.i.service.InventoryServiceImpl - Product not found via productClient after inventory update for productId=prod123
]]></system-out>
  </testcase>
  <testcase name="updateQuantityAfterPurchase_shouldUpdateInventoryAndPublishEvent" classname="com.linktic.inventaryservice.service.InventoryServiceImplTest" time="0.003">
    <system-out><![CDATA[2025-08-10 20:13:22.976 [98c779af-0ede-4002-8c10-8065a8044373] INFO  c.l.i.service.InventoryServiceImpl - Request received to deduct quantity=5 from inventory for productId=prod123
2025-08-10 20:13:22.976 [98c779af-0ede-4002-8c10-8065a8044373] INFO  c.l.i.service.InventoryServiceImpl - Inventory updated successfully for productId=prod123, newQuantity=15
2025-08-10 20:13:22.976 [98c779af-0ede-4002-8c10-8065a8044373] DEBUG c.l.i.service.InventoryServiceImpl - Product service returned successfully after update for productId=prod123
]]></system-out>
  </testcase>
  <testcase name="updateQuantityAfterPurchase_shouldThrowNotFoundException_whenInventoryNotFound" classname="com.linktic.inventaryservice.service.InventoryServiceImplTest" time="0.002">
    <system-out><![CDATA[2025-08-10 20:13:22.980 [ebb50945-2aea-444b-80c8-ec71192ec1ab] INFO  c.l.i.service.InventoryServiceImpl - Request received to deduct quantity=5 from inventory for productId=prod123
2025-08-10 20:13:22.980 [ebb50945-2aea-444b-80c8-ec71192ec1ab] WARN  c.l.i.service.InventoryServiceImpl - Inventory not found when updating for productId=prod123
]]></system-out>
  </testcase>
  <testcase name="getInventoryByProductId_shouldThrowNotFoundException_whenProductClientReturnsNotFound" classname="com.linktic.inventaryservice.service.InventoryServiceImplTest" time="0.003">
    <system-out><![CDATA[2025-08-10 20:13:22.983 [7c7efd88-84d4-41cc-9005-4906aa1edb9c] INFO  c.l.i.service.InventoryServiceImpl - Request received to get inventory and product info for productId=prod123
2025-08-10 20:13:22.983 [7c7efd88-84d4-41cc-9005-4906aa1edb9c] DEBUG c.l.i.service.InventoryServiceImpl - Inventory found for productId=prod123, quantity=20
2025-08-10 20:13:22.983 [7c7efd88-84d4-41cc-9005-4906aa1edb9c] WARN  c.l.i.service.InventoryServiceImpl - Product not found via productClient for productId=prod123
]]></system-out>
  </testcase>
  <testcase name="getInventoryByProductId_shouldThrowNotFoundException_whenProductResponseDataIsNull" classname="com.linktic.inventaryservice.service.InventoryServiceImplTest" time="0.002">
    <system-out><![CDATA[2025-08-10 20:13:22.986 [49de454b-3300-4842-97f3-360bf833353e] INFO  c.l.i.service.InventoryServiceImpl - Request received to get inventory and product info for productId=prod123
2025-08-10 20:13:22.986 [49de454b-3300-4842-97f3-360bf833353e] DEBUG c.l.i.service.InventoryServiceImpl - Inventory found for productId=prod123, quantity=20
2025-08-10 20:13:22.986 [49de454b-3300-4842-97f3-360bf833353e] DEBUG c.l.i.service.InventoryServiceImpl - Product service returned successfully for productId=prod123
2025-08-10 20:13:22.986 [49de454b-3300-4842-97f3-360bf833353e] WARN  c.l.i.service.InventoryServiceImpl - Product response empty or null for productId=prod123
]]></system-out>
  </testcase>
</testsuite>